<?xml version="1.0" encoding="UTF-8"?>
<testsuite name="com.lots.multivehiclesearch.service.VehicleLotSearchServiceTest" tests="4" skipped="0" failures="0" errors="0" timestamp="2025-05-22T05:21:09.517Z" hostname="CVWR2CYMG9-DHurst" time="0.277">
  <properties/>
  <testcase name="search - returns empty set()" classname="com.lots.multivehiclesearch.service.VehicleLotSearchServiceTest" time="0.265"/>
  <testcase name="search - returns set of lot1()" classname="com.lots.multivehiclesearch.service.VehicleLotSearchServiceTest" time="0.004"/>
  <testcase name="search - returns set of lot2()" classname="com.lots.multivehiclesearch.service.VehicleLotSearchServiceTest" time="0.002"/>
  <testcase name="search - return empty list when repo fails()" classname="com.lots.multivehiclesearch.service.VehicleLotSearchServiceTest" time="0.003"/>
  <system-out><![CDATA[]]></system-out>
  <system-err><![CDATA[]]></system-err>
</testsuite>
